build/app/outputs/mapping/release/mapping.txt
# compiler: R8
# compiler_version: 1.5.64
# min_api: 24
# pg_map_id: 766f506
...
androidx.collection.ContainerHelpers -> a.b.b:
    java.lang.Object[] EMPTY_OBJECTS -> b
    int[] EMPTY_INTS -> a
    int binarySearch(int[],int,int) -> a
    boolean equal(java.lang.Object,java.lang.Object) -> a
androidx.collection.MapCollections -> a.b.c:
    androidx.collection.MapCollections$KeySet mKeySet -> b
    androidx.collection.MapCollections$ValuesCollection mValues -> c
    androidx.collection.MapCollections$EntrySet mEntrySet -> a
    void colClear() -> a
    java.lang.Object colGetEntry(int,int) -> a
    int colIndexOfKey(java.lang.Object) -> a
    void colPut(java.lang.Object,java.lang.Object) -> a
    void colRemoveAt(int) -> a
    java.lang.Object colSetValue(int,java.lang.Object) -> a
    boolean containsAllHelper(java.util.Map,java.util.Collection) -> a
    boolean equalsSetHelper(java.util.Set,java.lang.Object) -> a
    java.lang.Object[] toArrayHelper(java.lang.Object[],int) -> a
    java.util.Map colGetMap() -> b
    int colIndexOfValue(java.lang.Object) -> b
    boolean removeAllHelper(java.util.Map,java.util.Collection) -> b
    java.lang.Object[] toArrayHelper(int) -> b
    int colGetSize() -> c
    boolean retainAllHelper(java.util.Map,java.util.Collection) -> c
    java.util.Set getEntrySet() -> d
    java.util.Set getKeySet() -> e
    java.util.Collection getValues() -> f
androidx.collection.MapCollections$ArrayIterator -> a.b.c$a:
    androidx.collection.MapCollections this$0 -> e
    int mSize -> b
    int mIndex -> c
    int mOffset -> a
    boolean mCanRemove -> d
androidx.collection.MapCollections$EntrySet -> a.b.c$b:
    androidx.collection.MapCollections this$0 -> a
    boolean add(java.util.Map$Entry) -> a
androidx.collection.MapCollections$KeySet -> a.b.c$c:
    androidx.collection.MapCollections this$0 -> a
androidx.collection.MapCollections$MapIterator -> a.b.c$d:
    int mIndex -> b
    boolean mEntryValid -> c
    androidx.collection.MapCollections this$0 -> d
    int mEnd -> a
androidx.collection.MapCollections$ValuesCollection -> a.b.c$e:
    androidx.collection.MapCollections this$0 -> a
androidx.collection.SimpleArrayMap -> a.b.d:
    java.lang.Object[] mBaseCache -> d
    java.lang.Object[] mArray -> b
    int mTwiceBaseCacheSize -> g
    int mBaseCacheSize -> e
    int[] mHashes -> a
    int mSize -> c
    java.lang.Object[] mTwiceBaseCache -> f
    int binarySearchHashes(int[],int,int) -> a
    void ensureCapacity(int) -> a
    void freeArrays(int[],java.lang.Object[],int) -> a
    int indexOf(java.lang.Object,int) -> a
    int indexOfKey(java.lang.Object) -> a
    int indexOfNull() -> a
    java.lang.Object setValueAt(int,java.lang.Object) -> a
    int indexOfValue(java.lang.Object) -> b
    java.lang.Object keyAt(int) -> b
    java.lang.Object removeAt(int) -> c
    java.lang.Object valueAt(int) -> d
    void allocArrays(int) -> e
androidx.core.app.ActivityCompat -> androidx.core.app.a:
    androidx.core.app.ActivityCompat$PermissionCompatDelegate sDelegate -> a
    void requestPermissions(android.app.Activity,java.lang.String[],int) -> a
    boolean shouldShowRequestPermissionRationale(android.app.Activity,java.lang.String) -> a
androidx.core.app.ActivityCompat$1 -> androidx.core.app.a$a:
    java.lang.String[] val$permissions -> a
    int val$requestCode -> c
    android.app.Activity val$activity -> b
androidx.core.app.ActivityCompat$OnRequestPermissionsResultCallback -> androidx.core.app.a$b:
    void onRequestPermissionsResult(int,java.lang.String[],int[]) -> a
androidx.core.app.ActivityCompat$PermissionCompatDelegate -> androidx.core.app.a$c:
    boolean requestPermissions(android.app.Activity,java.lang.String[],int) -> a
androidx.core.app.ActivityCompat$RequestPermissionsRequestCodeValidator -> androidx.core.app.a$d:
    void validateRequestPermissionsRequestCode(int) -> a
androidx.core.app.ComponentActivity -> androidx.core.app.b: